<?xml version="1.0" encoding="UTF-8"?>
<!-- Generated by org.testng.reporters.JUnitReportReporter -->
<testsuite hostname="MSUBRAMANIAML1" name="Basics" tests="1" failures="0" timestamp="29 Apr 2018 02:41:23 GMT" time="3.328" errors="0">
  <testcase name="Test1" time="3.328" classname="Basics"/>
</testsuite> <!-- Basics -->
