<?xml version="1.0" encoding="UTF-8"?>
<!-- Generated by org.testng.reporters.JUnitReportReporter -->
<testsuite hostname="MSUBRAMANIAML1" name="apiTest.Basics" tests="1" failures="0" timestamp="29 Apr 2018 03:18:00 GMT" time="2.913" errors="0">
  <testcase name="Test1" time="2.913" classname="apiTest.Basics"/>
</testsuite> <!-- apiTest.Basics -->
